#
# A fatal error has been detected by the Java Runtime Environment:
#
#  EXCEPTION_ACCESS_VIOLATION (0xc0000005) at pc=0x000000006269705a, pid=5216, tid=5560
#
# JRE version: Java(TM) SE Runtime Environment (8.0_51-b16) (build 1.8.0_51-b16)
# Java VM: Java HotSpot(TM) 64-Bit Server VM (25.51-b03 mixed mode windows-amd64 compressed oops)
# Problematic frame:
# V  [jvm.dll+0x47705a]
#
# Failed to write core dump. Minidumps are not enabled by default on client versions of Windows
#
# If you would like to submit a bug report, please visit:
#   http://bugreport.java.com/bugreport/crash.jsp
#

---------------  T H R E A D  ---------------

Current thread (0x00000000551c7800):  JavaThread "C2 CompilerThread0" daemon [_thread_in_native, id=5560, stack(0x00000000569d0000,0x0000000056ad0000)]

siginfo: ExceptionCode=0xc0000005, reading address 0xffffffffffffffff

Registers:
RAX=0x0000000000000008, RBX=0x0000000000000008, RCX=0x000000005b406fe0, RDX=0x000000005b406e50
RSP=0x0000000056acbe20, RBP=0x000000005b406f90, RSI=0x0000000000000000, RDI=0x0000000000000000
R8 =0x0000000000000000, R9 =0x000000005b4087a0, R10=0x000000000000007b, R11=0x000000005b406e50
R12=0x000000005b400050, R13=0x000000005a97caa0, R14=0x0000d5005af53a38, R15=0x0000000000000018
RIP=0x000000006269705a, EFLAGS=0x0000000000010206

Top of Stack: (sp=0x0000000056acbe20)
0x0000000056acbe20:   0000000000000008 0000000000000000
0x0000000056acbe30:   0000000000000001 000000005a97caa0
0x0000000056acbe40:   0000000000000163 000000005b9de660
0x0000000056acbe50:   0000000000318cc8 000000005b9f70c0
0x0000000056acbe60:   000000005a97caa0 000000005b9f70c0
0x0000000056acbe70:   00000000551c40e0 0000000062888538
0x0000000056acbe80:   00000000551c40e0 0000000000000400
0x0000000056acbe90:   000000005b9fd380 0000000000000001
0x0000000056acbea0:   0000000000000001 00000000551c40e0
0x0000000056acbeb0:   0000000000000000 000000005bbb2440
0x0000000056acbec0:   00000000551c40e0 0000000056acc310
0x0000000056acbed0:   0000000000000000 0000000056acbff0
0x0000000056acbee0:   0000000056acc330 00000000626d95ff
0x0000000056acbef0:   0000000056acc310 0000000000000f15
0x0000000056acbf00:   000000005b400050 000000005b406f90
0x0000000056acbf10:   000000005bbb2490 000000005bbba428 

Instructions: (pc=0x000000006269705a)
0x000000006269703a:   8d 2c 92 48 c1 e5 04 49 03 ec 48 ff ca 48 89 54
0x000000006269704a:   24 20 48 89 ac 24 e8 00 00 00 4c 8b 75 00 8b fe
0x000000006269705a:   41 83 7e 18 00 0f 86 b6 00 00 00 48 8b de 0f 1f
0x000000006269706a:   84 00 00 00 00 00 49 8b 46 08 48 8b 0c 03 48 85 


Register to memory mapping:

RAX=0x0000000000000008 is an unknown value
RBX=0x0000000000000008 is an unknown value
RCX=0x000000005b406fe0 is an unknown value
RDX=0x000000005b406e50 is an unknown value
RSP=0x0000000056acbe20 is pointing into the stack for thread: 0x00000000551c7800
RBP=0x000000005b406f90 is an unknown value
RSI=0x0000000000000000 is an unknown value
RDI=0x0000000000000000 is an unknown value
R8 =0x0000000000000000 is an unknown value
R9 =0x000000005b4087a0 is an unknown value
R10=0x000000000000007b is an unknown value
R11=0x000000005b406e50 is an unknown value
R12=0x000000005b400050 is an unknown value
R13=0x000000005a97caa0 is an unknown value
R14=0x0000d5005af53a38 is an unknown value
R15=0x0000000000000018 is an unknown value


Stack: [0x00000000569d0000,0x0000000056ad0000],  sp=0x0000000056acbe20,  free space=1007k
Native frames: (J=compiled Java code, j=interpreted, Vv=VM code, C=native code)
V  [jvm.dll+0x47705a]
V  [jvm.dll+0x4b95ff]
V  [jvm.dll+0x46c011]
V  [jvm.dll+0x46cd4e]
V  [jvm.dll+0x4501a2]
V  [jvm.dll+0xa43a2]
V  [jvm.dll+0xa4cdf]
V  [jvm.dll+0x2418a4]
V  [jvm.dll+0x29846a]
C  [msvcr100.dll+0x21d9f]
C  [msvcr100.dll+0x21e3b]
C  [kernel32.dll+0x15a4d]
C  [ntdll.dll+0x2b831]


Current CompileTask:
C2:   8716 1938   !   4       java.net.URLClassLoader$1::run (63 bytes)


---------------  P R O C E S S  ---------------

Java Threads: ( => current thread )
  0x0000000058537000 JavaThread "File lock request listener" [_thread_in_native, id=4648, stack(0x0000000059790000,0x0000000059890000)]
  0x0000000058864800 JavaThread "Stdin handler" [_thread_blocked, id=4736, stack(0x0000000059930000,0x0000000059a30000)]
  0x00000000583f3800 JavaThread "Daemon worker" [_thread_in_Java, id=5800, stack(0x0000000059680000,0x0000000059780000)]
  0x000000005835f000 JavaThread "Cancel handler" [_thread_blocked, id=5308, stack(0x0000000059540000,0x0000000059640000)]
  0x000000005835e000 JavaThread "Handler for socket connection from /127.0.0.1:50501 to /127.0.0.1:50502" [_thread_in_native, id=3380, stack(0x0000000059380000,0x0000000059480000)]
  0x0000000058354800 JavaThread "Daemon" [_thread_blocked, id=6044, stack(0x0000000058e30000,0x0000000058f30000)]
  0x000000005832f800 JavaThread "Incoming local TCP Connector on port 50501" [_thread_in_native, id=3016, stack(0x0000000058fe0000,0x00000000590e0000)]
  0x0000000056d4c000 JavaThread "Service Thread" daemon [_thread_blocked, id=4392, stack(0x00000000571e0000,0x00000000572e0000)]
  0x0000000056cd1000 JavaThread "C1 CompilerThread2" daemon [_thread_blocked, id=3936, stack(0x00000000570d0000,0x00000000571d0000)]
  0x00000000551cf000 JavaThread "C2 CompilerThread1" daemon [_thread_in_native, id=4520, stack(0x0000000056bd0000,0x0000000056cd0000)]
=>0x00000000551c7800 JavaThread "C2 CompilerThread0" daemon [_thread_in_native, id=5560, stack(0x00000000569d0000,0x0000000056ad0000)]
  0x00000000551c3000 JavaThread "Attach Listener" daemon [_thread_blocked, id=4116, stack(0x0000000056750000,0x0000000056850000)]
  0x00000000551c2000 JavaThread "Signal Dispatcher" daemon [_thread_blocked, id=4516, stack(0x0000000056650000,0x0000000056750000)]
  0x0000000055168000 JavaThread "Finalizer" daemon [_thread_blocked, id=6088, stack(0x0000000056460000,0x0000000056560000)]
  0x0000000055161000 JavaThread "Reference Handler" daemon [_thread_blocked, id=2452, stack(0x00000000562a0000,0x00000000563a0000)]
  0x000000000207f000 JavaThread "main" [_thread_blocked, id=2992, stack(0x00000000023a0000,0x00000000024a0000)]

Other Threads:
  0x000000005515b800 VMThread [stack: 0x0000000056110000,0x0000000056210000] [id=3584]
  0x0000000056d4e000 WatcherThread [stack: 0x0000000056880000,0x0000000056980000] [id=1672]

VM state:not at safepoint (normal execution)

VM Mutex/Monitor currently owned by a thread: None

Heap:
 PSYoungGen      total 141824K, used 117263K [0x00000000eab00000, 0x00000000f4000000, 0x0000000100000000)
  eden space 131072K, 89% used [0x00000000eab00000,0x00000000f1d83e08,0x00000000f2b00000)
  from space 10752K, 0% used [0x00000000f3580000,0x00000000f3580000,0x00000000f4000000)
  to   space 10752K, 0% used [0x00000000f2b00000,0x00000000f2b00000,0x00000000f3580000)
 ParOldGen       total 96256K, used 11627K [0x00000000c0000000, 0x00000000c5e00000, 0x00000000eab00000)
  object space 96256K, 12% used [0x00000000c0000000,0x00000000c0b5ad50,0x00000000c5e00000)
 Metaspace       used 21195K, capacity 21634K, committed 21760K, reserved 1069056K
  class space    used 2887K, capacity 3017K, committed 3072K, reserved 1048576K

Card table byte_map: [0x0000000011b30000,0x0000000011d40000] byte_map_base: 0x0000000011530000

Marking Bits: (ParMarkBitMap*) 0x0000000062a24040
 Begin Bits: [0x00000000125d0000, 0x00000000135d0000)
 End Bits:   [0x00000000135d0000, 0x00000000145d0000)

Polling page: 0x0000000000250000

CodeCache: size=245760Kb used=6364Kb max_used=6364Kb free=239395Kb
 bounds [0x0000000002770000, 0x0000000002db0000, 0x0000000011770000]
 total_blobs=2323 nmethods=1941 adapters=294
 compilation: enabled

Compilation events (10 events):
Event: 8.597 Thread 0x0000000056cd1000 nmethod 1937 0x0000000002da8f90 code [0x0000000002da91a0, 0x0000000002daa0e8]
Event: 8.612 Thread 0x00000000551c7800 1938   !   4       java.net.URLClassLoader$1::run (63 bytes)
Event: 8.650 Thread 0x0000000056cd1000 1939       1       com.google.common.collect.MapMakerInternalMap$1::clear (1 bytes)
Event: 8.651 Thread 0x0000000056cd1000 nmethod 1939 0x0000000002da4e50 code [0x0000000002da4fa0, 0x0000000002da50b0]
Event: 8.667 Thread 0x0000000056cd1000 1941       1       org.codehaus.groovy.ast.ImportNode::getPackageName (5 bytes)
Event: 8.667 Thread 0x0000000056cd1000 nmethod 1941 0x0000000002da4b10 code [0x0000000002da4c60, 0x0000000002da4d70]
Event: 8.669 Thread 0x0000000056cd1000 1942       1       groovy.lang.GroovyClassLoader::getResourceLoader (5 bytes)
Event: 8.669 Thread 0x0000000056cd1000 nmethod 1942 0x0000000002da8cd0 code [0x0000000002da8e20, 0x0000000002da8f30]
Event: 8.669 Thread 0x0000000056cd1000 1943       1       org.gradle.groovy.scripts.internal.DefaultScriptCompilationHandler$NoOpGroovyResourceLoader::loadGroovySource (2 bytes)
Event: 8.670 Thread 0x0000000056cd1000 nmethod 1943 0x0000000002da8a10 code [0x0000000002da8b60, 0x0000000002da8c70]

GC Heap History (6 events):
Event: 1.618 GC heap before
{Heap before GC invocations=1 (full 0):
 PSYoungGen      total 76288K, used 65536K [0x00000000eab00000, 0x00000000f0000000, 0x0000000100000000)
  eden space 65536K, 100% used [0x00000000eab00000,0x00000000eeb00000,0x00000000eeb00000)
  from space 10752K, 0% used [0x00000000ef580000,0x00000000ef580000,0x00000000f0000000)
  to   space 10752K, 0% used [0x00000000eeb00000,0x00000000eeb00000,0x00000000ef580000)
 ParOldGen       total 175104K, used 0K [0x00000000c0000000, 0x00000000cab00000, 0x00000000eab00000)
  object space 175104K, 0% used [0x00000000c0000000,0x00000000c0000000,0x00000000cab00000)
 Metaspace       used 12223K, capacity 12648K, committed 12800K, reserved 1060864K
  class space    used 1654K, capacity 1782K, committed 1792K, reserved 1048576K
Event: 1.656 GC heap after
Heap after GC invocations=1 (full 0):
 PSYoungGen      total 76288K, used 8225K [0x00000000eab00000, 0x00000000f4000000, 0x0000000100000000)
  eden space 65536K, 0% used [0x00000000eab00000,0x00000000eab00000,0x00000000eeb00000)
  from space 10752K, 76% used [0x00000000eeb00000,0x00000000ef308530,0x00000000ef580000)
  to   space 10752K, 0% used [0x00000000f3580000,0x00000000f3580000,0x00000000f4000000)
 ParOldGen       total 175104K, used 8K [0x00000000c0000000, 0x00000000cab00000, 0x00000000eab00000)
  object space 175104K, 0% used [0x00000000c0000000,0x00000000c0002000,0x00000000cab00000)
 Metaspace       used 12223K, capacity 12648K, committed 12800K, reserved 1060864K
  class space    used 1654K, capacity 1782K, committed 1792K, reserved 1048576K
}
Event: 8.339 GC heap before
{Heap before GC invocations=2 (full 0):
 PSYoungGen      total 76288K, used 61861K [0x00000000eab00000, 0x00000000f4000000, 0x0000000100000000)
  eden space 65536K, 81% used [0x00000000eab00000,0x00000000edf61170,0x00000000eeb00000)
  from space 10752K, 76% used [0x00000000eeb00000,0x00000000ef308530,0x00000000ef580000)
  to   space 10752K, 0% used [0x00000000f3580000,0x00000000f3580000,0x00000000f4000000)
 ParOldGen       total 175104K, used 8K [0x00000000c0000000, 0x00000000cab00000, 0x00000000eab00000)
  object space 175104K, 0% used [0x00000000c0000000,0x00000000c0002000,0x00000000cab00000)
 Metaspace       used 20769K, capacity 21148K, committed 21248K, reserved 1067008K
  class space    used 2831K, capacity 2984K, committed 3072K, reserved 1048576K
Event: 8.349 GC heap after
Heap after GC invocations=2 (full 0):
 PSYoungGen      total 141824K, used 10723K [0x00000000eab00000, 0x00000000f4000000, 0x0000000100000000)
  eden space 131072K, 0% used [0x00000000eab00000,0x00000000eab00000,0x00000000f2b00000)
  from space 10752K, 99% used [0x00000000f3580000,0x00000000f3ff8db8,0x00000000f4000000)
  to   space 10752K, 0% used [0x00000000f2b00000,0x00000000f2b00000,0x00000000f3580000)
 ParOldGen       total 175104K, used 1255K [0x00000000c0000000, 0x00000000cab00000, 0x00000000eab00000)
  object space 175104K, 0% used [0x00000000c0000000,0x00000000c0139e48,0x00000000cab00000)
 Metaspace       used 20769K, capacity 21148K, committed 21248K, reserved 1067008K
  class space    used 2831K, capacity 2984K, committed 3072K, reserved 1048576K
}
Event: 8.349 GC heap before
{Heap before GC invocations=3 (full 1):
 PSYoungGen      total 141824K, used 10723K [0x00000000eab00000, 0x00000000f4000000, 0x0000000100000000)
  eden space 131072K, 0% used [0x00000000eab00000,0x00000000eab00000,0x00000000f2b00000)
  from space 10752K, 99% used [0x00000000f3580000,0x00000000f3ff8db8,0x00000000f4000000)
  to   space 10752K, 0% used [0x00000000f2b00000,0x00000000f2b00000,0x00000000f3580000)
 ParOldGen       total 175104K, used 1255K [0x00000000c0000000, 0x00000000cab00000, 0x00000000eab00000)
  object space 175104K, 0% used [0x00000000c0000000,0x00000000c0139e48,0x00000000cab00000)
 Metaspace       used 20769K, capacity 21148K, committed 21248K, reserved 1067008K
  class space    used 2831K, capacity 2984K, committed 3072K, reserved 1048576K
Event: 8.385 GC heap after
Heap after GC invocations=3 (full 1):
 PSYoungGen      total 141824K, used 0K [0x00000000eab00000, 0x00000000f4000000, 0x0000000100000000)
  eden space 131072K, 0% used [0x00000000eab00000,0x00000000eab00000,0x00000000f2b00000)
  from space 10752K, 0% used [0x00000000f3580000,0x00000000f3580000,0x00000000f4000000)
  to   space 10752K, 0% used [0x00000000f2b00000,0x00000000f2b00000,0x00000000f3580000)
 ParOldGen       total 96256K, used 11627K [0x00000000c0000000, 0x00000000c5e00000, 0x00000000eab00000)
  object space 96256K, 12% used [0x00000000c0000000,0x00000000c0b5ad50,0x00000000c5e00000)
 Metaspace       used 20769K, capacity 21148K, committed 21248K, reserved 1067008K
  class space    used 2831K, capacity 2984K, committed 3072K, reserved 1048576K
}

Deoptimization events (10 events):
Event: 3.182 Thread 0x00000000583f3800 Uncommon trap: reason=class_check action=maybe_recompile pc=0x00000000029bc08c method=java.util.regex.Matcher.match(II)Z @ 86
Event: 3.182 Thread 0x00000000583f3800 Uncommon trap: reason=class_check action=maybe_recompile pc=0x00000000029bc08c method=java.util.regex.Matcher.match(II)Z @ 86
Event: 3.214 Thread 0x00000000583f3800 Uncommon trap: reason=class_check action=maybe_recompile pc=0x0000000002c1f164 method=org.gradle.internal.service.DefaultServiceRegistry$SingletonService.getService(Lorg/gradle/internal/service/DefaultServiceRegistry$LookupContext;Lorg/gradle/internal/servè(br—µ	@
Event: 3.214 Thread 0x00000000583f3800 Uncommon trap: reason=class_check action=maybe_recompile pc=0x0000000002c1f164 method=org.gradle.internal.service.DefaultServiceRegistry$SingletonService.getService(Lorg/gradle/internal/service/DefaultServiceRegistry$LookupContext;Lorg/gradle/internal/servóp¿_žµ	@
Event: 3.214 Thread 0x00000000583f3800 Uncommon trap: reason=class_check action=maybe_recompile pc=0x0000000002c1f164 method=org.gradle.internal.service.DefaultServiceRegistry$SingletonService.getService(Lorg/gradle/internal/service/DefaultServiceRegistry$LookupContext;Lorg/gradle/internal/servq²å«¤µ	@
Event: 3.214 Thread 0x00000000583f3800 Uncommon trap: reason=class_check action=maybe_recompile pc=0x0000000002c1f164 method=org.gradle.internal.service.DefaultServiceRegistry$SingletonService.getService(Lorg/gradle/internal/service/DefaultServiceRegistry$LookupContext;Lorg/gradle/internal/servEêUépà@
Event: 6.469 Thread 0x00000000583f3800 Uncommon trap: reason=unstable_if action=reinterpret pc=0x0000000002c62c5c method=java.lang.ClassLoader.getPackage(Ljava/lang/String;)Ljava/lang/Package; @ 60
Event: 6.572 Thread 0x00000000583f3800 Uncommon trap: reason=unstable_if action=reinterpret pc=0x00000000029c783c method=java.io.WinNTFileSystem.resolve(Ljava/lang/String;Ljava/lang/String;)Ljava/lang/String; @ 49
Event: 6.823 Thread 0x00000000583f3800 Uncommon trap: reason=unstable_if action=reinterpret pc=0x0000000002a28dd4 method=java.lang.AbstractStringBuilder.append(Ljava/lang/String;)Ljava/lang/AbstractStringBuilder; @ 1
Event: 6.823 Thread 0x00000000583f3800 Uncommon trap: reason=unstable_if action=reinterpret pc=0x0000000002a05a2c method=java.lang.AbstractStringBuilder.append(Ljava/lang/String;)Ljava/lang/AbstractStringBuilder; @ 1

Internal exceptions (10 events):
Event: 8.305 Thread 0x00000000583f3800 Exception <a 'java/lang/ClassNotFoundException': org/gradle/groovy/scripts/DefaultScriptBeanInfo> (0x00000000ede006c8) thrown at [C:\re\workspace\8-2-build-windows-amd64-cygwin\jdk8u51\3951\hotspot\src\share\vm\classfile\systemDictionary.cpp, line 210]
Event: 8.305 Thread 0x00000000583f3800 Exception <a 'java/lang/ClassNotFoundException': org/gradle/groovy/scripts/BasicScriptBeanInfo> (0x00000000ede0ca28) thrown at [C:\re\workspace\8-2-build-windows-amd64-cygwin\jdk8u51\3951\hotspot\src\share\vm\classfile\systemDictionary.cpp, line 210]
Event: 8.305 Thread 0x00000000583f3800 Exception <a 'java/lang/ClassNotFoundException': org/gradle/groovy/scripts/ScriptBeanInfo> (0x00000000ede17fa0) thrown at [C:\re\workspace\8-2-build-windows-amd64-cygwin\jdk8u51\3951\hotspot\src\share\vm\classfile\systemDictionary.cpp, line 210]
Event: 8.305 Thread 0x00000000583f3800 Exception <a 'java/lang/ClassNotFoundException': groovy/lang/ScriptBeanInfo> (0x00000000ede20c20) thrown at [C:\re\workspace\8-2-build-windows-amd64-cygwin\jdk8u51\3951\hotspot\src\share\vm\classfile\systemDictionary.cpp, line 210]
Event: 8.306 Thread 0x00000000583f3800 Exception <a 'java/lang/ClassNotFoundException': groovy/lang/ScriptCustomizer> (0x00000000ede2a200) thrown at [C:\re\workspace\8-2-build-windows-amd64-cygwin\jdk8u51\3951\hotspot\src\share\vm\classfile\systemDictionary.cpp, line 210]
Event: 8.306 Thread 0x00000000583f3800 Exception <a 'java/lang/ClassNotFoundException': org/gradle/groovy/scripts/ScriptCustomizer> (0x00000000ede3f458) thrown at [C:\re\workspace\8-2-build-windows-amd64-cygwin\jdk8u51\3951\hotspot\src\share\vm\classfile\systemDictionary.cpp, line 210]
Event: 8.307 Thread 0x00000000583f3800 Exception <a 'java/lang/ClassNotFoundException': org/gradle/groovy/scripts/BasicScriptCustomizer> (0x00000000ede54b70) thrown at [C:\re\workspace\8-2-build-windows-amd64-cygwin\jdk8u51\3951\hotspot\src\share\vm\classfile\systemDictionary.cpp, line 210]
Event: 8.308 Thread 0x00000000583f3800 Exception <a 'java/lang/ClassNotFoundException': org/gradle/groovy/scripts/DefaultScriptCustomizer> (0x00000000ede6d048) thrown at [C:\re\workspace\8-2-build-windows-amd64-cygwin\jdk8u51\3951\hotspot\src\share\vm\classfile\systemDictionary.cpp, line 210]
Event: 8.318 Thread 0x00000000583f3800 Exception <a 'java/lang/ClassNotFoundException': org/gradle/initialization/InitScriptCustomizer> (0x00000000edea9010) thrown at [C:\re\workspace\8-2-build-windows-amd64-cygwin\jdk8u51\3951\hotspot\src\share\vm\classfile\systemDictionary.cpp, line 210]
Event: 8.322 Thread 0x00000000583f3800 Exception <a 'java/lang/ClassNotFoundException': org/gradle/initialization/InitScript_DecoratedCustomizer> (0x00000000edede240) thrown at [C:\re\workspace\8-2-build-windows-amd64-cygwin\jdk8u51\3951\hotspot\src\share\vm\classfile\systemDictionary.cpp, lineÌZŠ¸ý› @

Events (10 events):
Event: 8.701 loading class org/gradle/play/tasks/org$gradle$initialization$InitScript
Event: 8.701 loading class org/gradle/play/tasks/org$gradle$initialization$InitScript done
Event: 8.701 loading class org/gradle/play/tasks/org$gradle$initialization$InitScript
Event: 8.701 loading class org/gradle/play/tasks/org$gradle$initialization$InitScript done
Event: 8.701 loading class org/gradle/play/tasks/org/gradle$initialization$InitScript
Event: 8.701 loading class org/gradle/play/tasks/org/gradle$initialization$InitScript done
Event: 8.701 loading class org/gradle/play/tasks/org/gradle$initialization$InitScript
Event: 8.701 loading class org/gradle/play/tasks/org/gradle$initialization$InitScript done
Event: 8.701 loading class org/gradle/play/tasks/org/gradle/initialization$InitScript
Event: 8.701 loading class org/gradle/play/tasks/org/gradle/initialization$InitScript done


Dynamic libraries:
0x000000013fd10000 - 0x000000013fd47000 	C:\Program Files\Java\jdk1.8.0_51\bin\java.exe
0x0000000077c20000 - 0x0000000077dc9000 	C:\Windows\SYSTEM32\ntdll.dll
0x0000000077b00000 - 0x0000000077c1f000 	C:\Windows\system32\kernel32.dll
0x000007fefda50000 - 0x000007fefdabc000 	C:\Windows\system32\KERNELBASE.dll
0x000007fefdeb0000 - 0x000007fefdf8b000 	C:\Windows\system32\ADVAPI32.dll
0x000007feffe40000 - 0x000007feffedf000 	C:\Windows\system32\msvcrt.dll
0x000007fefff10000 - 0x000007fefff2f000 	C:\Windows\SYSTEM32\sechost.dll
0x000007fefee60000 - 0x000007fefef8d000 	C:\Windows\system32\RPCRT4.dll
0x0000000077a00000 - 0x0000000077afa000 	C:\Windows\system32\USER32.dll
0x000007fefed40000 - 0x000007fefeda7000 	C:\Windows\system32\GDI32.dll
0x000007fefdd90000 - 0x000007fefdd9e000 	C:\Windows\system32\LPK.dll
0x000007feff3d0000 - 0x000007feff499000 	C:\Windows\system32\USP10.dll
0x000007fefbfe0000 - 0x000007fefc1d4000 	C:\Windows\WinSxS\amd64_microsoft.windows.common-controls_6595b64144ccf1df_6.0.7601.18837_none_fa3b1e3d17594757\COMCTL32.dll
0x000007feff680000 - 0x000007feff6f1000 	C:\Windows\system32\SHLWAPI.dll
0x000007feffee0000 - 0x000007fefff0e000 	C:\Windows\system32\IMM32.DLL
0x000007fefdda0000 - 0x000007fefdea9000 	C:\Windows\system32\MSCTF.dll
0x0000000075720000 - 0x0000000075758000 	C:\PROGRA~2\Sophos\SOPHOS~1\SOPHOS~2.DLL
0x0000000077df0000 - 0x0000000077df7000 	C:\Windows\system32\PSAPI.DLL
0x0000000063230000 - 0x0000000063302000 	C:\Program Files\Java\jdk1.8.0_51\jre\bin\msvcr100.dll
0x0000000062220000 - 0x0000000062aa3000 	C:\Program Files\Java\jdk1.8.0_51\jre\bin\server\jvm.dll
0x000007fef0200000 - 0x000007fef0209000 	C:\Windows\system32\WSOCK32.dll
0x000007feff4a0000 - 0x000007feff4ed000 	C:\Windows\system32\WS2_32.dll
0x000007fefedb0000 - 0x000007fefedb8000 	C:\Windows\system32\NSI.dll
0x000007fef4270000 - 0x000007fef42ab000 	C:\Windows\system32\WINMM.dll
0x000007fefcb70000 - 0x000007fefcb7c000 	C:\Windows\system32\VERSION.dll
0x0000000074150000 - 0x000000007415f000 	C:\Program Files\Java\jdk1.8.0_51\jre\bin\verify.dll
0x00000000636c0000 - 0x00000000636e9000 	C:\Program Files\Java\jdk1.8.0_51\jre\bin\java.dll
0x00000000636a0000 - 0x00000000636b6000 	C:\Program Files\Java\jdk1.8.0_51\jre\bin\zip.dll
0x000007fefdf90000 - 0x000007fefed19000 	C:\Windows\system32\SHELL32.dll
0x000007feffbd0000 - 0x000007feffdd3000 	C:\Windows\system32\ole32.dll
0x000007fefd9e0000 - 0x000007fefd9ef000 	C:\Windows\system32\profapi.dll
0x0000000063680000 - 0x000000006369a000 	C:\Program Files\Java\jdk1.8.0_51\jre\bin\net.dll
0x0000000075580000 - 0x00000000755a2000 	C:\ProgramData\Sophos\Web Intelligence\swi_ifslsp_64.dll
0x000007fefd170000 - 0x000007fefd1c5000 	C:\Windows\system32\mswsock.dll
0x000007fefd160000 - 0x000007fefd167000 	C:\Windows\System32\wship6.dll
0x0000000063980000 - 0x0000000063991000 	C:\Program Files\Java\jdk1.8.0_51\jre\bin\nio.dll
0x000007fef59a0000 - 0x000007fef59b2000 	C:\Users\Computing\.gradle\native\19\windows-amd64\native-platform.dll
0x000007fefc8c0000 - 0x000007fefc8e7000 	C:\Windows\system32\IPHLPAPI.DLL
0x000007fefcb60000 - 0x000007fefcb6b000 	C:\Windows\system32\WINNSI.DLL
0x000007fefa460000 - 0x000007fefa471000 	C:\Windows\system32\dhcpcsvc6.DLL
0x000007fefa440000 - 0x000007fefa458000 	C:\Windows\system32\dhcpcsvc.DLL
0x000007fefd1d0000 - 0x000007fefd1e8000 	C:\Windows\system32\CRYPTSP.dll
0x000007fefced0000 - 0x000007fefcf17000 	C:\Windows\system32\rsaenh.dll
0x000007fefdad0000 - 0x000007fefdaee000 	C:\Windows\system32\USERENV.dll
0x000007fefd870000 - 0x000007fefd87f000 	C:\Windows\system32\CRYPTBASE.dll
0x000007fefd810000 - 0x000007fefd867000 	C:\Windows\system32\apphelp.dll
0x000007fefb970000 - 0x000007fefba95000 	C:\Windows\system32\dbghelp.dll

VM Arguments:
jvm_args: -XX:MaxPermSize=256m -XX:+HeapDumpOnOutOfMemoryError -Xmx1024m -Dfile.encoding=windows-1252 -Duser.country=GB -Duser.language=en -Duser.variant 
java_command: org.gradle.launcher.daemon.bootstrap.GradleDaemon 2.4 C:\Users\Computing\.gradle C:\Users\Computing\.gradle\daemon 10800000 e06d512d-c210-46d9-850d-01696ef95353 -XX:MaxPermSize=256m -XX:+HeapDumpOnOutOfMemoryError -Xmx1024m -Dfile.encoding=windows-1252 -Duser.country=GB -Duser.language=en -Duser.variant
java_class_path (initial): C:\Program Files\Android\Android Studio\gradle\gradle-2.4\lib\gradle-launcher-2.4.jar
Launcher Type: SUN_STANDARD

Environment Variables:
PATH=C:\ProgramData\Oracle\Java\javapath;C:\Program Files (x86)\NVIDIA Corporation\PhysX\Common;C:\Program Files (x86)\Intel\iCLS Client\;C:\Program Files\Intel\iCLS Client\;C:\Windows\system32;C:\Windows;C:\Windows\System32\Wbem;C:\Windows\System32\WindowsPowerShell\v1.0\;C:\Program Files\Intel\Intel(R) Management Engine Components\DAL;C:\Program Files\Intel\Intel(R) Management Engine Components\IPT;C:\Program Files (x86)\Intel\Intel(R) Management Engine Components\DAL;C:\Program Files (x86)\Intel\Intel(R) Management Engine Components\IPT;C:\Program Files (x86)\Windows Kits\8.1\Windows Performance Toolkit\;C:\Program Files\Microsoft SQL Server\110\Tools\Binn\;C:\Program Files\MATLAB\R2015a\runtime\win64;C:\Program Files\MATLAB\R2015a\bin
USERNAME=Computing
OS=Windows_NT
PROCESSOR_IDENTIFIER=Intel64 Family 6 Model 58 Stepping 9, GenuineIntel



---------------  S Y S T E M  ---------------

OS: Windows 7 , 64 bit Build 7601 (6.1.7601.18933)

CPU:total 4 (4 cores per cpu, 1 threads per core) family 6 model 58 stepping 9, cmov, cx8, fxsr, mmx, sse, sse2, sse3, ssse3, sse4.1, sse4.2, popcnt, avx, aes, clmul, erms, tsc, tscinvbit, tscinv

Memory: 4k page, physical 16729568k(11910448k free), swap 33457296k(27804604k free)

vm_info: Java HotSpot(TM) 64-Bit Server VM (25.51-b03) for windows-amd64 JRE (1.8.0_51-b16), built on Jun  8 2015 18:03:07 by "java_re" with MS VC++ 10.0 (VS2010)

time: Mon Aug 17 11:04:26 2015
elapsed time: 8 seconds (0d 0h 0m 8s)

